

================================================================
== Vivado HLS Report for 'svd_top'
================================================================
* Date:           Wed Dec 23 16:05:33 2020

* Version:        2019.2 (Build 2704478 on Wed Nov 06 22:10:23 MST 2019)
* Project:        SVD
* Solution:       solution1
* Product family: zynq
* Target device:  xc7z020-clg400-1


================================================================
== Performance Estimates
================================================================
+ Timing: 
    * Summary: 
    +--------+----------+----------+------------+
    |  Clock |  Target  | Estimated| Uncertainty|
    +--------+----------+----------+------------+
    |ap_clk  | 10.00 ns | 8.652 ns |   1.25 ns  |
    +--------+----------+----------+------------+

+ Latency: 
    * Summary: 
    +---------+---------+----------+----------+-------+-------+---------+
    |  Latency (cycles) |  Latency (absolute) |    Interval   | Pipeline|
    |   min   |   max   |    min   |    max   |  min  |  max  |   Type  |
    +---------+---------+----------+----------+-------+-------+---------+
    |    13841|    13991| 0.138 ms | 0.140 ms |  13841|  13991|   none  |
    +---------+---------+----------+----------+-------+-------+---------+

    + Detail: 
        * Instance: 
        +----------------------+-----------+---------+---------+----------+----------+-------+-------+---------+
        |                      |           |  Latency (cycles) |  Latency (absolute) |    Interval   | Pipeline|
        |       Instance       |   Module  |   min   |   max   |    min   |    max   |  min  |  max  |   Type  |
        +----------------------+-----------+---------+---------+----------+----------+-------+-------+---------+
        |grp_svd_pairs_fu_266  |svd_pairs  |    13500|    13650| 0.135 ms | 0.137 ms |  13500|  13650|   none  |
        +----------------------+-----------+---------+---------+----------+----------+-------+-------+---------+

        * Loop: 
        +---------------+---------+---------+----------+-----------+-----------+------+----------+
        |               |  Latency (cycles) | Iteration|  Initiation Interval  | Trip |          |
        |   Loop Name   |   min   |   max   |  Latency |  achieved |   target  | Count| Pipelined|
        +---------------+---------+---------+----------+-----------+-----------+------+----------+
        |- a_row_loop   |       84|       84|        14|          -|          -|     6|    no    |
        | + a_col_loop  |       12|       12|         2|          -|          -|     6|    no    |
        |- s_row_loop   |       84|       84|        14|          -|          -|     6|    no    |
        | + s_col_loop  |       12|       12|         2|          -|          -|     6|    no    |
        |- u_row_loop   |       84|       84|        14|          -|          -|     6|    no    |
        | + u_col_loop  |       12|       12|         2|          -|          -|     6|    no    |
        |- v_row_loop   |       84|       84|        14|          -|          -|     6|    no    |
        | + v_col_loop  |       12|       12|         2|          -|          -|     6|    no    |
        +---------------+---------+---------+----------+-----------+-----------+------+----------+



================================================================
== Utilization Estimates
================================================================
* Summary: 
+-----------------+---------+-------+--------+-------+-----+
|       Name      | BRAM_18K| DSP48E|   FF   |  LUT  | URAM|
+-----------------+---------+-------+--------+-------+-----+
|DSP              |        -|      -|       -|      -|    -|
|Expression       |        -|      -|       0|    288|    -|
|FIFO             |        -|      -|       -|      -|    -|
|Instance         |       14|    160|   38979|  34850|    0|
|Memory           |        8|      -|       0|      0|    0|
|Multiplexer      |        -|      -|       -|    344|    -|
|Register         |        -|      -|     343|      -|    -|
+-----------------+---------+-------+--------+-------+-----+
|Total            |       22|    160|   39322|  35482|    0|
+-----------------+---------+-------+--------+-------+-----+
|Available        |      280|    220|  106400|  53200|    0|
+-----------------+---------+-------+--------+-------+-----+
|Utilization (%)  |        7|     72|      36|     66|    0|
+-----------------+---------+-------+--------+-------+-----+

+ Detail: 
    * Instance: 
    +----------------------+-----------+---------+-------+-------+-------+-----+
    |       Instance       |   Module  | BRAM_18K| DSP48E|   FF  |  LUT  | URAM|
    +----------------------+-----------+---------+-------+-------+-------+-----+
    |grp_svd_pairs_fu_266  |svd_pairs  |       14|    160|  38979|  34850|    0|
    +----------------------+-----------+---------+-------+-------+-------+-----+
    |Total                 |           |       14|    160|  38979|  34850|    0|
    +----------------------+-----------+---------+-------+-------+-------+-----+

    * DSP48E: 
    N/A

    * Memory: 
    +------------+------------------+---------+---+----+-----+------+-----+------+-------------+
    |   Memory   |      Module      | BRAM_18K| FF| LUT| URAM| Words| Bits| Banks| W*Bits*Banks|
    +------------+------------------+---------+---+----+-----+------+-----+------+-------------+
    |S_assign_U  |svd_top_S_assign  |        2|  0|   0|    0|    36|   32|     1|         1152|
    |U_assign_U  |svd_top_S_assign  |        2|  0|   0|    0|    36|   32|     1|         1152|
    |V_assign_U  |svd_top_S_assign  |        2|  0|   0|    0|    36|   32|     1|         1152|
    |a_i_U       |svd_top_a_i       |        2|  0|   0|    0|    36|   32|     1|         1152|
    +------------+------------------+---------+---+----+-----+------+-----+------+-------------+
    |Total       |                  |        8|  0|   0|    0|   144|  128|     4|         4608|
    +------------+------------------+---------+---+----+-----+------+-----+------+-------------+

    * FIFO: 
    N/A

    * Expression: 
    +---------------------+----------+-------+---+----+------------+------------+
    |    Variable Name    | Operation| DSP48E| FF| LUT| Bitwidth P0| Bitwidth P1|
    +---------------------+----------+-------+---+----+------------+------------+
    |add_ln52_fu_332_p2   |     +    |      0|  0|  15|           7|           7|
    |add_ln63_fu_400_p2   |     +    |      0|  0|  15|           7|           7|
    |add_ln69_fu_468_p2   |     +    |      0|  0|  15|           7|           7|
    |add_ln75_fu_536_p2   |     +    |      0|  0|  15|           7|           7|
    |c_1_fu_390_p2        |     +    |      0|  0|  12|           3|           1|
    |c_2_fu_458_p2        |     +    |      0|  0|  12|           3|           1|
    |c_3_fu_526_p2        |     +    |      0|  0|  12|           3|           1|
    |c_fu_322_p2          |     +    |      0|  0|  12|           3|           1|
    |r_1_fu_348_p2        |     +    |      0|  0|  12|           3|           1|
    |r_2_fu_416_p2        |     +    |      0|  0|  12|           3|           1|
    |r_3_fu_484_p2        |     +    |      0|  0|  12|           3|           1|
    |r_fu_280_p2          |     +    |      0|  0|  12|           3|           1|
    |sub_ln52_fu_310_p2   |     -    |      0|  0|  15|           7|           7|
    |sub_ln63_fu_378_p2   |     -    |      0|  0|  15|           7|           7|
    |sub_ln69_fu_446_p2   |     -    |      0|  0|  15|           7|           7|
    |sub_ln75_fu_514_p2   |     -    |      0|  0|  15|           7|           7|
    |icmp_ln49_fu_274_p2  |   icmp   |      0|  0|   9|           3|           3|
    |icmp_ln51_fu_316_p2  |   icmp   |      0|  0|   9|           3|           3|
    |icmp_ln60_fu_342_p2  |   icmp   |      0|  0|   9|           3|           3|
    |icmp_ln62_fu_384_p2  |   icmp   |      0|  0|   9|           3|           3|
    |icmp_ln66_fu_410_p2  |   icmp   |      0|  0|   9|           3|           3|
    |icmp_ln68_fu_452_p2  |   icmp   |      0|  0|   9|           3|           3|
    |icmp_ln72_fu_478_p2  |   icmp   |      0|  0|   9|           3|           3|
    |icmp_ln74_fu_520_p2  |   icmp   |      0|  0|   9|           3|           3|
    +---------------------+----------+-------+---+----+------------+------------+
    |Total                |          |      0|  0| 288|         104|          88|
    +---------------------+----------+-------+---+----+------------+------------+

    * Multiplexer: 
    +-------------------+----+-----------+-----+-----------+
    |        Name       | LUT| Input Size| Bits| Total Bits|
    +-------------------+----+-----------+-----+-----------+
    |S_assign_address0  |  15|          3|    6|         18|
    |S_assign_ce0       |  15|          3|    1|          3|
    |S_assign_ce1       |   9|          2|    1|          2|
    |S_assign_we0       |   9|          2|    1|          2|
    |S_assign_we1       |   9|          2|    1|          2|
    |U_assign_address0  |  15|          3|    6|         18|
    |U_assign_ce0       |  15|          3|    1|          3|
    |U_assign_ce1       |   9|          2|    1|          2|
    |U_assign_we0       |   9|          2|    1|          2|
    |U_assign_we1       |   9|          2|    1|          2|
    |V_assign_address0  |  15|          3|    6|         18|
    |V_assign_ce0       |  15|          3|    1|          3|
    |V_assign_ce1       |   9|          2|    1|          2|
    |V_assign_we0       |   9|          2|    1|          2|
    |V_assign_we1       |   9|          2|    1|          2|
    |a_i_address0       |  15|          3|    6|         18|
    |a_i_ce0            |  15|          3|    1|          3|
    |a_i_ce1            |   9|          2|    1|          2|
    |ap_NS_fsm          |  62|         15|    1|         15|
    |c2_0_reg_211       |   9|          2|    3|          6|
    |c4_0_reg_233       |   9|          2|    3|          6|
    |c6_0_reg_255       |   9|          2|    3|          6|
    |c_0_reg_189        |   9|          2|    3|          6|
    |r1_0_reg_200       |   9|          2|    3|          6|
    |r3_0_reg_222       |   9|          2|    3|          6|
    |r5_0_reg_244       |   9|          2|    3|          6|
    |r_0_reg_178        |   9|          2|    3|          6|
    +-------------------+----+-----------+-----+-----------+
    |Total              | 344|         75|   63|        167|
    +-------------------+----+-----------+-----+-----------+

    * Register: 
    +-----------------------------------+----+----+-----+-----------+
    |                Name               | FF | LUT| Bits| Const Bits|
    +-----------------------------------+----+----+-----+-----------+
    |ap_CS_fsm                          |  14|   0|   14|          0|
    |c2_0_reg_211                       |   3|   0|    3|          0|
    |c4_0_reg_233                       |   3|   0|    3|          0|
    |c6_0_reg_255                       |   3|   0|    3|          0|
    |c_0_reg_189                        |   3|   0|    3|          0|
    |c_1_reg_593                        |   3|   0|    3|          0|
    |c_2_reg_624                        |   3|   0|    3|          0|
    |c_3_reg_655                        |   3|   0|    3|          0|
    |c_reg_562                          |   3|   0|    3|          0|
    |grp_svd_pairs_fu_266_ap_start_reg  |   1|   0|    1|          0|
    |r1_0_reg_200                       |   3|   0|    3|          0|
    |r3_0_reg_222                       |   3|   0|    3|          0|
    |r5_0_reg_244                       |   3|   0|    3|          0|
    |r_0_reg_178                        |   3|   0|    3|          0|
    |r_1_reg_580                        |   3|   0|    3|          0|
    |r_2_reg_611                        |   3|   0|    3|          0|
    |r_3_reg_642                        |   3|   0|    3|          0|
    |r_reg_549                          |   3|   0|    3|          0|
    |sext_ln52_reg_567                  |  64|   0|   64|          0|
    |sext_ln63_reg_598                  |  64|   0|   64|          0|
    |sext_ln69_reg_629                  |  64|   0|   64|          0|
    |sext_ln75_reg_660                  |  64|   0|   64|          0|
    |sub_ln52_reg_554                   |   6|   0|    7|          1|
    |sub_ln63_reg_585                   |   6|   0|    7|          1|
    |sub_ln69_reg_616                   |   6|   0|    7|          1|
    |sub_ln75_reg_647                   |   6|   0|    7|          1|
    +-----------------------------------+----+----+-----+-----------+
    |Total                              | 343|   0|  347|          4|
    +-----------------------------------+----+----+-----+-----------+



================================================================
== Interface
================================================================
* Summary: 
+------------+-----+-----+------------+--------------+--------------+
|  RTL Ports | Dir | Bits|  Protocol  | Source Object|    C Type    |
+------------+-----+-----+------------+--------------+--------------+
|ap_clk      |  in |    1| ap_ctrl_hs |    svd_top   | return value |
|ap_rst      |  in |    1| ap_ctrl_hs |    svd_top   | return value |
|ap_start    |  in |    1| ap_ctrl_hs |    svd_top   | return value |
|ap_done     | out |    1| ap_ctrl_hs |    svd_top   | return value |
|ap_idle     | out |    1| ap_ctrl_hs |    svd_top   | return value |
|ap_ready    | out |    1| ap_ctrl_hs |    svd_top   | return value |
|A_address0  | out |    6|  ap_memory |       A      |     array    |
|A_ce0       | out |    1|  ap_memory |       A      |     array    |
|A_q0        |  in |   32|  ap_memory |       A      |     array    |
|S_address0  | out |    6|  ap_memory |       S      |     array    |
|S_ce0       | out |    1|  ap_memory |       S      |     array    |
|S_we0       | out |    1|  ap_memory |       S      |     array    |
|S_d0        | out |   32|  ap_memory |       S      |     array    |
|U_address0  | out |    6|  ap_memory |       U      |     array    |
|U_ce0       | out |    1|  ap_memory |       U      |     array    |
|U_we0       | out |    1|  ap_memory |       U      |     array    |
|U_d0        | out |   32|  ap_memory |       U      |     array    |
|V_address0  | out |    6|  ap_memory |       V      |     array    |
|V_ce0       | out |    1|  ap_memory |       V      |     array    |
|V_we0       | out |    1|  ap_memory |       V      |     array    |
|V_d0        | out |   32|  ap_memory |       V      |     array    |
+------------+-----+-----+------------+--------------+--------------+

